<?xml version="1.0" encoding="UTF-8"?>
<!-- Generated by org.testng.reporters.JUnitReportReporter -->
<testsuite skipped="0" hostname="Hoangs-MacBook-Pro.local" name="com.expedia.flightbooking.TestNG_TestSuite" tests="1" failures="0" timestamp="26 Mar 2018 16:03:02 GMT" time="15.718" errors="0">
  <testcase name="searchExpedia" time="15.718" classname="com.expedia.flightbooking.TestNG_TestSuite"/>
</testsuite> <!-- com.expedia.flightbooking.TestNG_TestSuite -->
