<?xml version="1.0" encoding="UTF-8"?>
<!-- Generated by org.testng.reporters.JUnitReportReporter -->
<testsuite skipped="0" hostname="Hoangs-MacBook-Pro.local" name="com.expedia.test.flightsbooking.TestNG_TestSuite" tests="1" failures="0" timestamp="25 Mar 2018 06:19:16 GMT" time="17.007" errors="0">
  <testcase name="searchExpedia" time="17.007" classname="com.expedia.test.flightsbooking.TestNG_TestSuite"/>
</testsuite> <!-- com.expedia.test.flightsbooking.TestNG_TestSuite -->
