<?xml version="1.0" encoding="UTF-8"?>
<!-- Generated by org.testng.reporters.JUnitReportReporter -->
<testsuite skipped="0" hostname="Hoangs-MacBook-Pro.local" name="com.expedia.flightbooking.TestNG_Grouping" tests="2" failures="0" timestamp="27 Mar 2018 14:52:59 GMT" time="0.001" errors="0">
  <testcase name="testAudiA6" time="0.000" classname="com.expedia.flightbooking.TestNG_Grouping"/>
  <testcase name="testBMWX6" time="0.001" classname="com.expedia.flightbooking.TestNG_Grouping"/>
</testsuite> <!-- com.expedia.flightbooking.TestNG_Grouping -->
